<?xml version="1.0" encoding="UTF-8"?>
<testsuite name="Verificación los objetos extravidos en aeropuerto Tocumen." tests="1" skipped="0" failures="0" errors="0" timestamp="2020-08-20T14:27:36" hostname="L50757LBCY2WX52" time="74.675">
  <properties/>
  <testcase name="Como usuario que estuvo visitando el aeropuerto Tocumen deseo verificar" classname="Verificación los objetos extravidos en aeropuerto Tocumen." time="74.675"/>
  <system-out><![CDATA[]]></system-out>
  <system-err><![CDATA[ago 20, 2020 9:27:38 AM org.openqa.selenium.remote.DesiredCapabilities chrome
INFORMACIÓN: Using `new ChromeOptions()` is preferred to `DesiredCapabilities.chrome()`
Starting ChromeDriver 81.0.4044.20 (f006328e39a9769596eb506c8841c3004b24e747-refs/branch-heads/4044@{#244}) on port 24895
Only local connections are allowed.
Please protect ports used by ChromeDriver and related test frameworks to prevent access by malicious code.
ago 20, 2020 9:28:03 AM org.openqa.selenium.remote.ProtocolHandshake createSession
INFORMACIÓN: Detected dialect: W3C
[1597933684.761][SEVERE]: Timed out receiving message from renderer: 0.100
[1597933685.477][SEVERE]: Timed out receiving message from renderer: 0.100
[1597933685.582][SEVERE]: Timed out receiving message from renderer: 0.100
[1597933685.686][SEVERE]: Timed out receiving message from renderer: 0.100
[1597933685.796][SEVERE]: Timed out receiving message from renderer: 0.100
[1597933685.902][SEVERE]: Timed out receiving message from renderer: 0.100
[1597933687.226][SEVERE]: Timed out receiving message from renderer: 0.100
[1597933687.499][SEVERE]: Timed out receiving message from renderer: 0.100
[1597933687.609][SEVERE]: Timed out receiving message from renderer: 0.100
[1597933688.229][SEVERE]: Timed out receiving message from renderer: 0.100
[1597933688.434][SEVERE]: Timed out receiving message from renderer: 0.100
[1597933688.555][SEVERE]: Timed out receiving message from renderer: 0.100
[1597933688.660][SEVERE]: Timed out receiving message from renderer: 0.100
[1597933688.766][SEVERE]: Timed out receiving message from renderer: 0.100
[1597933688.871][SEVERE]: Timed out receiving message from renderer: 0.100
[1597933688.978][SEVERE]: Timed out receiving message from renderer: 0.100
[1597933689.093][SEVERE]: Timed out receiving message from renderer: 0.100
[1597933689.202][SEVERE]: Timed out receiving message from renderer: 0.100
[1597933689.319][SEVERE]: Timed out receiving message from renderer: 0.100
[1597933689.426][SEVERE]: Timed out receiving message from renderer: 0.100
[1597933689.536][SEVERE]: Timed out receiving message from renderer: 0.100
[1597933689.640][SEVERE]: Timed out receiving message from renderer: 0.100
[1597933689.859][SEVERE]: Timed out receiving message from renderer: 0.100
[1597933689.980][SEVERE]: Timed out receiving message from renderer: 0.100
[1597933690.090][SEVERE]: Timed out receiving message from renderer: 0.100
[1597933690.209][SEVERE]: Timed out receiving message from renderer: 0.100
[1597933690.322][SEVERE]: Timed out receiving message from renderer: 0.100
[1597933690.426][SEVERE]: Timed out receiving message from renderer: 0.100
[1597933690.534][SEVERE]: Timed out receiving message from renderer: 0.100
[1597933690.638][SEVERE]: Timed out receiving message from renderer: 0.100
[1597933690.743][SEVERE]: Timed out receiving message from renderer: 0.100
[1597933690.850][SEVERE]: Timed out receiving message from renderer: 0.100
[1597933690.957][SEVERE]: Timed out receiving message from renderer: 0.100
[1597933691.062][SEVERE]: Timed out receiving message from renderer: 0.100
[1597933691.171][SEVERE]: Timed out receiving message from renderer: 0.100
[1597933691.276][SEVERE]: Timed out receiving message from renderer: 0.100
[1597933691.384][SEVERE]: Timed out receiving message from renderer: 0.100
[1597933691.492][SEVERE]: Timed out receiving message from renderer: 0.100
[1597933691.599][SEVERE]: Timed out receiving message from renderer: 0.100
[1597933691.709][SEVERE]: Timed out receiving message from renderer: 0.100
[1597933691.834][SEVERE]: Timed out receiving message from renderer: 0.100
[1597933691.956][SEVERE]: Timed out receiving message from renderer: 0.100
[1597933692.062][SEVERE]: Timed out receiving message from renderer: 0.100
[1597933692.175][SEVERE]: Timed out receiving message from renderer: 0.100
[1597933692.289][SEVERE]: Timed out receiving message from renderer: 0.100
[1597933692.478][SEVERE]: Timed out receiving message from renderer: 0.100
[1597933692.584][SEVERE]: Timed out receiving message from renderer: 0.100
[1597933692.690][SEVERE]: Timed out receiving message from renderer: 0.100
[1597933692.844][SEVERE]: Timed out receiving message from renderer: 0.100
[1597933692.959][SEVERE]: Timed out receiving message from renderer: 0.100
[1597933693.116][SEVERE]: Timed out receiving message from renderer: 0.100
[1597933693.286][SEVERE]: Timed out receiving message from renderer: 0.100
[1597933693.422][SEVERE]: Timed out receiving message from renderer: 0.100
[1597933693.582][SEVERE]: Timed out receiving message from renderer: 0.100
[1597933693.690][SEVERE]: Timed out receiving message from renderer: 0.100
[1597933693.802][SEVERE]: Timed out receiving message from renderer: 0.100
[1597933693.927][SEVERE]: Timed out receiving message from renderer: 0.100
[1597933694.050][SEVERE]: Timed out receiving message from renderer: 0.100
[1597933694.157][SEVERE]: Timed out receiving message from renderer: 0.100
[1597933694.260][SEVERE]: Timed out receiving message from renderer: 0.100
[1597933694.371][SEVERE]: Timed out receiving message from renderer: 0.100
[1597933694.474][SEVERE]: Timed out receiving message from renderer: 0.100
[1597933694.583][SEVERE]: Timed out receiving message from renderer: 0.100
[1597933694.685][SEVERE]: Timed out receiving message from renderer: 0.100
[1597933694.788][SEVERE]: Timed out receiving message from renderer: 0.100
[1597933694.893][SEVERE]: Timed out receiving message from renderer: 0.100
[1597933695.018][SEVERE]: Timed out receiving message from renderer: 0.100
[1597933695.125][SEVERE]: Timed out receiving message from renderer: 0.100
[1597933695.236][SEVERE]: Timed out receiving message from renderer: 0.100
[1597933695.367][SEVERE]: Timed out receiving message from renderer: 0.100
[1597933695.513][SEVERE]: Timed out receiving message from renderer: 0.100
[1597933695.616][SEVERE]: Timed out receiving message from renderer: 0.100
[1597933695.721][SEVERE]: Timed out receiving message from renderer: 0.100
[1597933695.825][SEVERE]: Timed out receiving message from renderer: 0.100
[1597933695.930][SEVERE]: Timed out receiving message from renderer: 0.100
[1597933696.039][SEVERE]: Timed out receiving message from renderer: 0.100
[1597933696.143][SEVERE]: Timed out receiving message from renderer: 0.100
[1597933696.253][SEVERE]: Timed out receiving message from renderer: 0.100
[1597933696.367][SEVERE]: Timed out receiving message from renderer: 0.100
[1597933696.474][SEVERE]: Timed out receiving message from renderer: 0.100
[1597933696.608][SEVERE]: Timed out receiving message from renderer: 0.100
[1597933696.716][SEVERE]: Timed out receiving message from renderer: 0.100
[1597933696.821][SEVERE]: Timed out receiving message from renderer: 0.100
[1597933696.926][SEVERE]: Timed out receiving message from renderer: 0.100
[1597933697.036][SEVERE]: Timed out receiving message from renderer: 0.100
[1597933697.142][SEVERE]: Timed out receiving message from renderer: 0.100
[1597933714.352][SEVERE]: Timed out receiving message from renderer: 0.100
[1597933714.522][SEVERE]: Timed out receiving message from renderer: 0.100
[1597933714.646][SEVERE]: Timed out receiving message from renderer: 0.100
[Test worker] INFO net.serenitybdd.core.Serenity - 
        __    _____ _____ ____ _____   ____   _    ____  ____  _____ ____  
  _     \ \  |_   _| ____/ ___|_   _| |  _ \ / \  / ___|/ ___|| ____|  _ \ 
 (_)_____| |   | | |  _| \___ \ | |   | |_) / _ \ \___ \\___ \|  _| | | | |
  _|_____| |   | | | |___ ___) || |   |  __/ ___ \ ___) |___) | |___| |_| |
 (_)     | |   |_| |_____|____/ |_|   |_| /_/   \_\____/|____/|_____|____/ 
        /_/                                                                

TEST PASSED: Como usuario que estuvo visitando el aeropuerto Tocumen deseo verificar
----------------------------------------------------------------------------
]]></system-err>
</testsuite>
